WARNING:root:
error in get_fiscal_quarters. Symbol: RCLFU, dates:[]
WARNING:root:
<class 'TypeError'>
error in statements_to_df.
arguments("'NoneType' object is not iterable",)
WARNING:root:
<class 'AttributeError'>
error in state_to_mysql
arguments("'TypeError' object has no attribute 'to_sql'",)
WARNING:root:
error in get_fiscal_quarters. Symbol: SOJE, dates:[]
WARNING:root:
<class 'TypeError'>
error in statements_to_df.
arguments("'NoneType' object is not iterable",)
WARNING:root:
<class 'AttributeError'>
error in state_to_mysql
arguments("'TypeError' object has no attribute 'to_sql'",)
WARNING:root:
error in get_fiscal_quarters. Symbol: CLRMW, dates:[]
WARNING:root:
<class 'TypeError'>
error in statements_to_df.
arguments("'NoneType' object is not iterable",)
WARNING:root:
<class 'AttributeError'>
error in state_to_mysql
arguments("'TypeError' object has no attribute 'to_sql'",)
WARNING:root:
error in get_fiscal_quarters. Symbol: GLPRP, dates:[]
WARNING:root:
<class 'TypeError'>
error in statements_to_df.
arguments("'NoneType' object is not iterable",)
WARNING:root:
<class 'AttributeError'>
error in state_to_mysql
arguments("'TypeError' object has no attribute 'to_sql'",)
WARNING:root:
error in get_fiscal_quarters. Symbol: HAACW, dates:[]
WARNING:root:
<class 'TypeError'>
error in statements_to_df.
arguments("'NoneType' object is not iterable",)
WARNING:root:
<class 'AttributeError'>
error in state_to_mysql
arguments("'TypeError' object has no attribute 'to_sql'",)
WARNING:root:
error in get_fiscal_quarters. Symbol: MNPP, dates:[]
WARNING:root:
<class 'TypeError'>
error in statements_to_df.
arguments("'NoneType' object is not iterable",)
WARNING:root:
<class 'AttributeError'>
error in state_to_mysql
arguments("'TypeError' object has no attribute 'to_sql'",)
WARNING:root:
error in get_fiscal_quarters. Symbol: AAUGF, dates:[]
WARNING:root:
<class 'TypeError'>
error in statements_to_df.
arguments("'NoneType' object is not iterable",)
WARNING:root:
<class 'AttributeError'>
error in state_to_mysql
arguments("'TypeError' object has no attribute 'to_sql'",)
WARNING:root:
error in get_fiscal_quarters. Symbol: IPOE-U, dates:[]
WARNING:root:
<class 'TypeError'>
error in statements_to_df.
arguments("'NoneType' object is not iterable",)
WARNING:root:
<class 'AttributeError'>
error in state_to_mysql
arguments("'TypeError' object has no attribute 'to_sql'",)
WARNING:root:
error in get_fiscal_quarters. Symbol: LSSDF, dates:[]
WARNING:root:
<class 'TypeError'>
error in statements_to_df.
arguments("'NoneType' object is not iterable",)
WARNING:root:
<class 'AttributeError'>
error in state_to_mysql
arguments("'TypeError' object has no attribute 'to_sql'",)
WARNING:root:
error in get_fiscal_quarters. Symbol: YSACW, dates:[]
WARNING:root:
<class 'TypeError'>
error in statements_to_df.
arguments("'NoneType' object is not iterable",)
WARNING:root:
<class 'AttributeError'>
error in state_to_mysql
arguments("'TypeError' object has no attribute 'to_sql'",)
WARNING:root:
error in get_fiscal_quarters. Symbol: ENNVU, dates:[]
WARNING:root:
<class 'TypeError'>
error in statements_to_df.
arguments("'NoneType' object is not iterable",)
WARNING:root:
<class 'AttributeError'>
error in state_to_mysql
arguments("'TypeError' object has no attribute 'to_sql'",)
WARNING:root:
error in get_fiscal_quarters. Symbol: BFLY, dates:[]
WARNING:root:
<class 'TypeError'>
error in statements_to_df.
arguments("'NoneType' object is not iterable",)
WARNING:root:
error in get_fiscal_quarters. Symbol: SBG-WS, dates:[]
WARNING:root:
<class 'AttributeError'>
error in state_to_mysql
arguments("'TypeError' object has no attribute 'to_sql'",)
WARNING:root:
<class 'TypeError'>
error in statements_to_df.
arguments("'NoneType' object is not iterable",)
WARNING:root:
<class 'AttributeError'>
error in state_to_mysql
arguments("'TypeError' object has no attribute 'to_sql'",)
WARNING:root:
error in get_fiscal_quarters. Symbol: CYTHW, dates:[]
WARNING:root:
<class 'TypeError'>
error in statements_to_df.
arguments("'NoneType' object is not iterable",)
WARNING:root:
<class 'AttributeError'>
error in state_to_mysql
arguments("'TypeError' object has no attribute 'to_sql'",)
WARNING:root:
error in get_fiscal_quarters. Symbol: HCAR, dates:[]
WARNING:root:
<class 'TypeError'>
error in statements_to_df.
arguments("'NoneType' object is not iterable",)
WARNING:root:
<class 'AttributeError'>
error in state_to_mysql
arguments("'TypeError' object has no attribute 'to_sql'",)
WARNING:root:
error in get_fiscal_quarters. Symbol: FSSI, dates:[]
WARNING:root:
<class 'TypeError'>
error in statements_to_df.
arguments("'NoneType' object is not iterable",)
WARNING:root:
<class 'AttributeError'>
error in state_to_mysql
arguments("'TypeError' object has no attribute 'to_sql'",)
WARNING:root:
error in get_fiscal_quarters. Symbol: CLII-WS, dates:[]
WARNING:root:
<class 'TypeError'>
error in statements_to_df.
arguments("'NoneType' object is not iterable",)
WARNING:root:
<class 'AttributeError'>
error in state_to_mysql
arguments("'TypeError' object has no attribute 'to_sql'",)
WARNING:root:
error in get_fiscal_quarters. Symbol: LBPSW, dates:[]
WARNING:root:
<class 'TypeError'>
error in statements_to_df.
arguments("'NoneType' object is not iterable",)
WARNING:root:
<class 'AttributeError'>
error in state_to_mysql
arguments("'TypeError' object has no attribute 'to_sql'",)
WARNING:root:
error in get_fiscal_quarters. Symbol: LPHHF, dates:[]
WARNING:root:
<class 'TypeError'>
error in statements_to_df.
arguments("'NoneType' object is not iterable",)
WARNING:root:
<class 'AttributeError'>
error in state_to_mysql
arguments("'TypeError' object has no attribute 'to_sql'",)
WARNING:root:
error in get_fiscal_quarters. Symbol: ELMTF, dates:[]
WARNING:root:
<class 'TypeError'>
error in statements_to_df.
arguments("'NoneType' object is not iterable",)
WARNING:root:
<class 'AttributeError'>
error in state_to_mysql
arguments("'TypeError' object has no attribute 'to_sql'",)
WARNING:root:
error in get_fiscal_quarters. Symbol: KPCM, dates:[]
WARNING:root:
<class 'TypeError'>
error in statements_to_df.
arguments("'NoneType' object is not iterable",)
WARNING:root:
<class 'AttributeError'>
error in state_to_mysql
arguments("'TypeError' object has no attribute 'to_sql'",)
WARNING:root:
error in get_fiscal_quarters. Symbol: PV-WS, dates:[]
WARNING:root:
<class 'TypeError'>
error in statements_to_df.
arguments("'NoneType' object is not iterable",)
WARNING:root:
error in get_fiscal_quarters. Symbol: GJS, dates:[]
WARNING:root:
<class 'AttributeError'>
error in state_to_mysql
arguments("'TypeError' object has no attribute 'to_sql'",)
WARNING:root:
<class 'TypeError'>
error in statements_to_df.
arguments("'NoneType' object is not iterable",)
WARNING:root:
<class 'AttributeError'>
error in state_to_mysql
arguments("'TypeError' object has no attribute 'to_sql'",)
WARNING:root:
error in get_fiscal_quarters. Symbol: PAQC, dates:[]
WARNING:root:
<class 'TypeError'>
error in statements_to_df.
arguments("'NoneType' object is not iterable",)
WARNING:root:
<class 'AttributeError'>
error in state_to_mysql
arguments("'TypeError' object has no attribute 'to_sql'",)
WARNING:root:
error in get_fiscal_quarters. Symbol: MDH-U, dates:[]
WARNING:root:
<class 'TypeError'>
error in statements_to_df.
arguments("'NoneType' object is not iterable",)
WARNING:root:
<class 'AttributeError'>
error in state_to_mysql
arguments("'TypeError' object has no attribute 'to_sql'",)
WARNING:root:
error in get_fiscal_quarters. Symbol: RCLF, dates:[]
WARNING:root:
<class 'TypeError'>
error in statements_to_df.
arguments("'NoneType' object is not iterable",)
WARNING:root:
<class 'AttributeError'>
error in state_to_mysql
arguments("'TypeError' object has no attribute 'to_sql'",)
WARNING:root:
error in get_fiscal_quarters. Symbol: PMVC-WS, dates:[]
WARNING:root:
<class 'TypeError'>
error in statements_to_df.
arguments("'NoneType' object is not iterable",)
WARNING:root:
<class 'AttributeError'>
error in state_to_mysql
arguments("'TypeError' object has no attribute 'to_sql'",)
WARNING:root:
error in get_fiscal_quarters. Symbol: FIIIU, dates:[]
WARNING:root:
<class 'TypeError'>
error in statements_to_df.
arguments("'NoneType' object is not iterable",)
WARNING:root:
<class 'AttributeError'>
error in state_to_mysql
arguments("'TypeError' object has no attribute 'to_sql'",)
WARNING:root:
error in get_fiscal_quarters. Symbol: HNTWF, dates:[]
WARNING:root:
<class 'TypeError'>
error in statements_to_df.
arguments("'NoneType' object is not iterable",)
WARNING:root:
<class 'AttributeError'>
error in state_to_mysql
arguments("'TypeError' object has no attribute 'to_sql'",)
WARNING:root:
error in get_fiscal_quarters. Symbol: PRIF-P-G, dates:[]
WARNING:root:
<class 'TypeError'>
error in statements_to_df.
arguments("'NoneType' object is not iterable",)
WARNING:root:
<class 'AttributeError'>
error in state_to_mysql
arguments("'TypeError' object has no attribute 'to_sql'",)
WARNING:root:
error in get_fiscal_quarters. Symbol: ALARK, dates:[]
WARNING:root:
<class 'TypeError'>
error in statements_to_df.
arguments("'NoneType' object is not iterable",)
WARNING:root:
<class 'AttributeError'>
error in state_to_mysql
arguments("'TypeError' object has no attribute 'to_sql'",)
WARNING:root:
error in get_fiscal_quarters. Symbol: GOEVW, dates:[]
WARNING:root:
error in get_fiscal_quarters. Symbol: HZAC, dates:[]
WARNING:root:
<class 'TypeError'>
error in statements_to_df.
arguments("'NoneType' object is not iterable",)
WARNING:root:
<class 'TypeError'>
error in statements_to_df.
arguments("'NoneType' object is not iterable",)
WARNING:root:
<class 'AttributeError'>
error in state_to_mysql
arguments("'TypeError' object has no attribute 'to_sql'",)
WARNING:root:
<class 'AttributeError'>
error in state_to_mysql
arguments("'TypeError' object has no attribute 'to_sql'",)
WARNING:root:
error in get_fiscal_quarters. Symbol: FCGN, dates:[]
WARNING:root:
<class 'TypeError'>
error in statements_to_df.
arguments("'NoneType' object is not iterable",)
WARNING:root:
<class 'AttributeError'>
error in state_to_mysql
arguments("'TypeError' object has no attribute 'to_sql'",)
WARNING:root:
error in get_fiscal_quarters. Symbol: HCCCW, dates:[]
WARNING:root:
<class 'TypeError'>
error in statements_to_df.
arguments("'NoneType' object is not iterable",)
WARNING:root:
<class 'AttributeError'>
error in state_to_mysql
arguments("'TypeError' object has no attribute 'to_sql'",)
WARNING:root:
error in get_fiscal_quarters. Symbol: CLRMU, dates:[]
WARNING:root:
<class 'TypeError'>
error in statements_to_df.
arguments("'NoneType' object is not iterable",)
WARNING:root:
<class 'AttributeError'>
error in state_to_mysql
arguments("'TypeError' object has no attribute 'to_sql'",)
WARNING:root:
error in get_fiscal_quarters. Symbol: NXEOW, dates:[]
WARNING:root:
<class 'TypeError'>
error in statements_to_df.
arguments("'NoneType' object is not iterable",)
WARNING:root:
<class 'AttributeError'>
error in state_to_mysql
arguments("'TypeError' object has no attribute 'to_sql'",)
WARNING:root:
error in get_fiscal_quarters. Symbol: DUBRF, dates:[]
WARNING:root:
<class 'TypeError'>
error in statements_to_df.
arguments("'NoneType' object is not iterable",)
WARNING:root:
<class 'AttributeError'>
error in state_to_mysql
arguments("'TypeError' object has no attribute 'to_sql'",)
WARNING:root:
error in get_fiscal_quarters. Symbol: MTEI, dates:[]
WARNING:root:
<class 'TypeError'>
error in statements_to_df.
arguments("'NoneType' object is not iterable",)
WARNING:root:
<class 'AttributeError'>
error in state_to_mysql
arguments("'TypeError' object has no attribute 'to_sql'",)
WARNING:root:
error in get_fiscal_quarters. Symbol: YTLCF, dates:[]
WARNING:root:
<class 'TypeError'>
error in statements_to_df.
arguments("'NoneType' object is not iterable",)
WARNING:root:
<class 'AttributeError'>
error in state_to_mysql
arguments("'TypeError' object has no attribute 'to_sql'",)
WARNING:root:
<class 'TypeError'>
error in statements_to_df.
arguments('strptime() argument 1 must be str, not None',)
WARNING:root:
<class 'AttributeError'>
error in state_to_mysql
arguments("'TypeError' object has no attribute 'to_sql'",)
WARNING:root:
error in get_fiscal_quarters. Symbol: SPRQ-U, dates:[]
WARNING:root:
<class 'TypeError'>
error in statements_to_df.
arguments("'NoneType' object is not iterable",)
WARNING:root:
<class 'AttributeError'>
error in state_to_mysql
arguments("'TypeError' object has no attribute 'to_sql'",)
WARNING:root:
error in get_fiscal_quarters. Symbol: GRSVU, dates:[]
WARNING:root:
<class 'TypeError'>
error in statements_to_df.
arguments("'NoneType' object is not iterable",)
WARNING:root:
<class 'AttributeError'>
error in state_to_mysql
arguments("'TypeError' object has no attribute 'to_sql'",)
WARNING:root:
error in get_fiscal_quarters. Symbol: FRCLP, dates:[]
WARNING:root:
<class 'TypeError'>
error in statements_to_df.
arguments("'NoneType' object is not iterable",)
WARNING:root:
<class 'AttributeError'>
error in state_to_mysql
arguments("'TypeError' object has no attribute 'to_sql'",)
WARNING:root:
error in get_fiscal_quarters. Symbol: HMGP, dates:[]
WARNING:root:
<class 'TypeError'>
error in statements_to_df.
arguments("'NoneType' object is not iterable",)
WARNING:root:
<class 'AttributeError'>
error in state_to_mysql
arguments("'TypeError' object has no attribute 'to_sql'",)
WARNING:root:
error in get_fiscal_quarters. Symbol: NGC-UN, dates:[]
WARNING:root:
<class 'TypeError'>
error in statements_to_df.
arguments("'NoneType' object is not iterable",)
WARNING:root:
<class 'AttributeError'>
error in state_to_mysql
arguments("'TypeError' object has no attribute 'to_sql'",)
WARNING:root:
error in get_fiscal_quarters. Symbol: TMSOF, dates:[]
WARNING:root:
<class 'TypeError'>
error in statements_to_df.
arguments("'NoneType' object is not iterable",)
WARNING:root:
<class 'AttributeError'>
error in state_to_mysql
arguments("'TypeError' object has no attribute 'to_sql'",)
WARNING:root:
error in get_fiscal_quarters. Symbol: PNTM, dates:[]
WARNING:root:
<class 'TypeError'>
error in statements_to_df.
arguments("'NoneType' object is not iterable",)
WARNING:root:
<class 'AttributeError'>
error in state_to_mysql
arguments("'TypeError' object has no attribute 'to_sql'",)
WARNING:root:
error in get_fiscal_quarters. Symbol: GWBK, dates:[]
WARNING:root:
<class 'TypeError'>
error in statements_to_df.
arguments("'NoneType' object is not iterable",)
WARNING:root:
<class 'AttributeError'>
error in state_to_mysql
arguments("'TypeError' object has no attribute 'to_sql'",)
WARNING:root:
<class 'sqlalchemy.exc.DataError'>
error in state_to_mysql
arguments("(mysql.connector.errors.DataError) 1264 (22003): Out of range value for column 'Yearly' at row 569",)
WARNING:root:
<class 'sqlalchemy.exc.DataError'>
error in state_to_mysql
arguments("(mysql.connector.errors.DataError) 1264 (22003): Out of range value for column 'Yearly' at row 521",)
WARNING:root:
error in get_fiscal_quarters. Symbol: YTHL, dates:[]
WARNING:root:
<class 'TypeError'>
error in statements_to_df.
arguments("'NoneType' object is not iterable",)
WARNING:root:
<class 'AttributeError'>
error in state_to_mysql
arguments("'TypeError' object has no attribute 'to_sql'",)
WARNING:root:
<class 'sqlalchemy.exc.DataError'>
error in state_to_mysql
arguments("(mysql.connector.errors.DataError) 1264 (22003): Out of range value for column 'Q3' at row 132",)
WARNING:root:
error in get_fiscal_quarters. Symbol: AGLT, dates:[]
WARNING:root:
<class 'TypeError'>
error in statements_to_df.
arguments("'NoneType' object is not iterable",)
WARNING:root:
<class 'AttributeError'>
error in state_to_mysql
arguments("'TypeError' object has no attribute 'to_sql'",)
WARNING:root:
error in get_fiscal_quarters. Symbol: PICC, dates:[]
WARNING:root:
<class 'TypeError'>
error in statements_to_df.
arguments("'NoneType' object is not iterable",)
WARNING:root:
<class 'AttributeError'>
error in state_to_mysql
arguments("'TypeError' object has no attribute 'to_sql'",)
WARNING:root:
error in get_fiscal_quarters. Symbol: SCCC, dates:[]
WARNING:root:
error in get_fiscal_quarters. Symbol: RILYK, dates:[]
WARNING:root:
<class 'TypeError'>
error in statements_to_df.
arguments("'NoneType' object is not iterable",)
WARNING:root:
error in get_fiscal_quarters. Symbol: CHTM, dates:[]
WARNING:root:
<class 'TypeError'>
error in statements_to_df.
arguments("'NoneType' object is not iterable",)
WARNING:root:
<class 'AttributeError'>
error in state_to_mysql
arguments("'TypeError' object has no attribute 'to_sql'",)
WARNING:root:
<class 'sqlalchemy.exc.DataError'>
error in state_to_mysql
arguments("(mysql.connector.errors.DataError) 1264 (22003): Out of range value for column 'Q1' at row 125",)
WARNING:root:
<class 'AttributeError'>
error in state_to_mysql
arguments("'TypeError' object has no attribute 'to_sql'",)
WARNING:root:
<class 'TypeError'>
error in statements_to_df.
arguments("'NoneType' object is not iterable",)
WARNING:root:
<class 'AttributeError'>
error in state_to_mysql
arguments("'TypeError' object has no attribute 'to_sql'",)
WARNING:root:
error in get_fiscal_quarters. Symbol: HAPBF, dates:[]
WARNING:root:
<class 'TypeError'>
error in statements_to_df.
arguments("'NoneType' object is not iterable",)
WARNING:root:
<class 'AttributeError'>
error in state_to_mysql
arguments("'TypeError' object has no attribute 'to_sql'",)
WARNING:root:
<class 'sqlalchemy.exc.DataError'>
error in state_to_mysql
arguments("(mysql.connector.errors.DataError) 1264 (22003): Out of range value for column 'Q1' at row 125",)
WARNING:root:
error in get_fiscal_quarters. Symbol: BCSF-R-W, dates:[]
WARNING:root:
<class 'TypeError'>
error in statements_to_df.
arguments("'NoneType' object is not iterable",)
WARNING:root:
<class 'AttributeError'>
error in state_to_mysql
arguments("'TypeError' object has no attribute 'to_sql'",)
WARNING:root:
error in get_fiscal_quarters. Symbol: MSWV, dates:[]
WARNING:root:
<class 'TypeError'>
error in statements_to_df.
arguments("'NoneType' object is not iterable",)
WARNING:root:
<class 'AttributeError'>
error in state_to_mysql
arguments("'TypeError' object has no attribute 'to_sql'",)
WARNING:root:
error in get_fiscal_quarters. Symbol: GSAH-U, dates:[]
WARNING:root:
<class 'TypeError'>
error in statements_to_df.
arguments("'NoneType' object is not iterable",)
WARNING:root:
<class 'AttributeError'>
error in state_to_mysql
arguments("'TypeError' object has no attribute 'to_sql'",)
WARNING:root:
error in get_fiscal_quarters. Symbol: KODK-WS, dates:[]
WARNING:root:
<class 'TypeError'>
error in statements_to_df.
arguments("'NoneType' object is not iterable",)
WARNING:root:
<class 'AttributeError'>
error in state_to_mysql
arguments("'TypeError' object has no attribute 'to_sql'",)
WARNING:root:
<class 'sqlalchemy.exc.DatabaseError'>
error in state_to_mysql
arguments('(mysql.connector.errors.DatabaseError) 1040: Too many connections',)
WARNING:root:
<class 'sqlalchemy.exc.DatabaseError'>
error in state_to_mysql
arguments('(mysql.connector.errors.DatabaseError) 1040: Too many connections',)
WARNING:root:
<class 'sqlalchemy.exc.DatabaseError'>
error in state_to_mysql
arguments('(mysql.connector.errors.DatabaseError) 1040: Too many connections',)
WARNING:root:
<class 'sqlalchemy.exc.DatabaseError'>
error in state_to_mysql
arguments('(mysql.connector.errors.DatabaseError) 1040: Too many connections',)
WARNING:root:
<class 'sqlalchemy.exc.DatabaseError'>
error in state_to_mysql
arguments('(mysql.connector.errors.DatabaseError) 1040: Too many connections',)
WARNING:root:
<class 'sqlalchemy.exc.DatabaseError'>
error in state_to_mysql
arguments('(mysql.connector.errors.DatabaseError) 1040: Too many connections',)
WARNING:root:
<class 'sqlalchemy.exc.DatabaseError'>
error in state_to_mysql
arguments('(mysql.connector.errors.DatabaseError) 1040: Too many connections',)
WARNING:root:
<class 'sqlalchemy.exc.DatabaseError'>
error in state_to_mysql
arguments('(mysql.connector.errors.DatabaseError) 1040: Too many connections',)
WARNING:root:
error in get_fiscal_quarters. Symbol: HOLUU, dates:[]
WARNING:root:
<class 'TypeError'>
error in statements_to_df.
arguments("'NoneType' object is not iterable",)
WARNING:root:
<class 'AttributeError'>
error in state_to_mysql
arguments("'TypeError' object has no attribute 'to_sql'",)
WARNING:root:
error in get_fiscal_quarters. Symbol: CBAH-WS, dates:[]
WARNING:root:
<class 'TypeError'>
error in statements_to_df.
arguments("'NoneType' object is not iterable",)
WARNING:root:
<class 'AttributeError'>
error in state_to_mysql
arguments("'TypeError' object has no attribute 'to_sql'",)
WARNING:root:
error in get_fiscal_quarters. Symbol: RXRAU, dates:[]
WARNING:root:
<class 'TypeError'>
error in statements_to_df.
arguments("'NoneType' object is not iterable",)
WARNING:root:
<class 'AttributeError'>
error in state_to_mysql
arguments("'TypeError' object has no attribute 'to_sql'",)
WARNING:root:
error in get_fiscal_quarters. Symbol: NDX, dates:[]
WARNING:root:
<class 'TypeError'>
error in statements_to_df.
arguments("'NoneType' object is not iterable",)
WARNING:root:
<class 'AttributeError'>
error in state_to_mysql
arguments("'TypeError' object has no attribute 'to_sql'",)
WARNING:root:
error in get_fiscal_quarters. Symbol: PGRWW, dates:[]
WARNING:root:
<class 'TypeError'>
error in statements_to_df.
arguments("'NoneType' object is not iterable",)
WARNING:root:
<class 'AttributeError'>
error in state_to_mysql
arguments("'TypeError' object has no attribute 'to_sql'",)
WARNING:root:
error in get_fiscal_quarters. Symbol: THBRW, dates:[]
WARNING:root:
<class 'TypeError'>
error in statements_to_df.
arguments("'NoneType' object is not iterable",)
WARNING:root:
<class 'AttributeError'>
error in state_to_mysql
arguments("'TypeError' object has no attribute 'to_sql'",)
WARNING:root:
<class 'sqlalchemy.exc.DataError'>
error in state_to_mysql
arguments("(mysql.connector.errors.DataError) 1264 (22003): Out of range value for column 'Q1' at row 71",)
WARNING:root:
error in get_fiscal_quarters. Symbol: BOWXU, dates:[]
WARNING:root:
<class 'TypeError'>
error in statements_to_df.
arguments("'NoneType' object is not iterable",)
WARNING:root:
<class 'AttributeError'>
error in state_to_mysql
arguments("'TypeError' object has no attribute 'to_sql'",)
WARNING:root:
<class 'TypeError'>
error in statements_to_df.
arguments('strptime() argument 1 must be str, not None',)
WARNING:root:
<class 'AttributeError'>
error in state_to_mysql
arguments("'TypeError' object has no attribute 'to_sql'",)
WARNING:root:
error in get_fiscal_quarters. Symbol: EUMNF, dates:[]
WARNING:root:
<class 'TypeError'>
error in statements_to_df.
arguments("'NoneType' object is not iterable",)
WARNING:root:
<class 'AttributeError'>
error in state_to_mysql
arguments("'TypeError' object has no attribute 'to_sql'",)
WARNING:root:
error in get_fiscal_quarters. Symbol: KAHL, dates:[]
WARNING:root:
error in get_fiscal_quarters. Symbol: AHAC, dates:[]
WARNING:root:
<class 'TypeError'>
error in statements_to_df.
arguments("'NoneType' object is not iterable",)
WARNING:root:
error in get_fiscal_quarters. Symbol: GANX, dates:[]
WARNING:root:
<class 'TypeError'>
error in statements_to_df.
arguments("'NoneType' object is not iterable",)
WARNING:root:
<class 'AttributeError'>
error in state_to_mysql
arguments("'TypeError' object has no attribute 'to_sql'",)
WARNING:root:
<class 'TypeError'>
error in statements_to_df.
arguments("'NoneType' object is not iterable",)
WARNING:root:
<class 'AttributeError'>
error in state_to_mysql
arguments("'TypeError' object has no attribute 'to_sql'",)
WARNING:root:
<class 'AttributeError'>
error in state_to_mysql
arguments("'TypeError' object has no attribute 'to_sql'",)
WARNING:root:
error in get_fiscal_quarters. Symbol: SKLZ-WS, dates:[]
WARNING:root:
<class 'TypeError'>
error in statements_to_df.
arguments("'NoneType' object is not iterable",)
WARNING:root:
<class 'AttributeError'>
error in state_to_mysql
arguments("'TypeError' object has no attribute 'to_sql'",)
WARNING:root:
error in get_fiscal_quarters. Symbol: TODM, dates:[]
WARNING:root:
<class 'TypeError'>
error in statements_to_df.
arguments("'NoneType' object is not iterable",)
WARNING:root:
<class 'AttributeError'>
error in state_to_mysql
arguments("'TypeError' object has no attribute 'to_sql'",)
WARNING:root:
error in get_fiscal_quarters. Symbol: CHHCF, dates:[]
WARNING:root:
<class 'TypeError'>
error in statements_to_df.
arguments("'NoneType' object is not iterable",)
WARNING:root:
<class 'AttributeError'>
error in state_to_mysql
arguments("'TypeError' object has no attribute 'to_sql'",)
WARNING:root:
error in get_fiscal_quarters. Symbol: TACA-U, dates:[]
WARNING:root:
<class 'TypeError'>
error in statements_to_df.
arguments("'NoneType' object is not iterable",)
WARNING:root:
<class 'AttributeError'>
error in state_to_mysql
arguments("'TypeError' object has no attribute 'to_sql'",)
WARNING:root:
error in get_fiscal_quarters. Symbol: FRONU, dates:[]
WARNING:root:
<class 'TypeError'>
error in statements_to_df.
arguments("'NoneType' object is not iterable",)
WARNING:root:
<class 'AttributeError'>
error in state_to_mysql
arguments("'TypeError' object has no attribute 'to_sql'",)
WARNING:root:
error in get_fiscal_quarters. Symbol: YCBD-P-A, dates:[]
WARNING:root:
<class 'TypeError'>
error in statements_to_df.
arguments("'NoneType' object is not iterable",)
WARNING:root:
<class 'AttributeError'>
error in state_to_mysql
arguments("'TypeError' object has no attribute 'to_sql'",)
WARNING:root:
error in get_fiscal_quarters. Symbol: MRAC, dates:[]
WARNING:root:
<class 'TypeError'>
error in statements_to_df.
arguments("'NoneType' object is not iterable",)
WARNING:root:
<class 'AttributeError'>
error in state_to_mysql
arguments("'TypeError' object has no attribute 'to_sql'",)
WARNING:root:
error in get_fiscal_quarters. Symbol: SCHWL, dates:[]
WARNING:root:
<class 'TypeError'>
error in statements_to_df.
arguments("'NoneType' object is not iterable",)
WARNING:root:
<class 'AttributeError'>
error in state_to_mysql
arguments("'TypeError' object has no attribute 'to_sql'",)
WARNING:root:
error in get_fiscal_quarters. Symbol: GTPAU, dates:[]
WARNING:root:
<class 'TypeError'>
error in statements_to_df.
arguments("'NoneType' object is not iterable",)
WARNING:root:
<class 'AttributeError'>
error in state_to_mysql
arguments("'TypeError' object has no attribute 'to_sql'",)
WARNING:root:
error in get_fiscal_quarters. Symbol: OTPMF, dates:[]
WARNING:root:
<class 'TypeError'>
error in statements_to_df.
arguments("'NoneType' object is not iterable",)
WARNING:root:
<class 'AttributeError'>
error in state_to_mysql
arguments("'TypeError' object has no attribute 'to_sql'",)
WARNING:root:
error in get_fiscal_quarters. Symbol: CONXU, dates:[]
WARNING:root:
<class 'TypeError'>
error in statements_to_df.
arguments("'NoneType' object is not iterable",)
WARNING:root:
<class 'AttributeError'>
error in state_to_mysql
arguments("'TypeError' object has no attribute 'to_sql'",)
WARNING:root:
error in get_fiscal_quarters. Symbol: AEACW, dates:[]
WARNING:root:
<class 'TypeError'>
error in statements_to_df.
arguments("'NoneType' object is not iterable",)
WARNING:root:
<class 'AttributeError'>
error in state_to_mysql
arguments("'TypeError' object has no attribute 'to_sql'",)
WARNING:root:
error in get_fiscal_quarters. Symbol: LHGI, dates:[]
WARNING:root:
<class 'TypeError'>
error in statements_to_df.
arguments("'NoneType' object is not iterable",)
WARNING:root:
<class 'AttributeError'>
error in state_to_mysql
arguments("'TypeError' object has no attribute 'to_sql'",)
WARNING:root:
error in get_fiscal_quarters. Symbol: RPLA-WT, dates:[]
WARNING:root:
<class 'TypeError'>
error in statements_to_df.
arguments("'NoneType' object is not iterable",)
WARNING:root:
<class 'AttributeError'>
error in state_to_mysql
arguments("'TypeError' object has no attribute 'to_sql'",)
WARNING:root:
error in get_fiscal_quarters. Symbol: UTZ-WS, dates:[]
WARNING:root:
<class 'TypeError'>
error in statements_to_df.
arguments("'NoneType' object is not iterable",)
WARNING:root:
<class 'AttributeError'>
error in state_to_mysql
arguments("'TypeError' object has no attribute 'to_sql'",)
WARNING:root:
error in get_fiscal_quarters. Symbol: YUZHF, dates:[]
WARNING:root:
<class 'TypeError'>
error in statements_to_df.
arguments("'NoneType' object is not iterable",)
WARNING:root:
<class 'AttributeError'>
error in state_to_mysql
arguments("'TypeError' object has no attribute 'to_sql'",)
WARNING:root:
error in get_fiscal_quarters. Symbol: SLCR, dates:[]
WARNING:root:
<class 'TypeError'>
error in statements_to_df.
arguments("'NoneType' object is not iterable",)
WARNING:root:
<class 'AttributeError'>
error in state_to_mysql
arguments("'TypeError' object has no attribute 'to_sql'",)
WARNING:root:
error in get_fiscal_quarters. Symbol: WEBS, dates:[]
WARNING:root:
<class 'TypeError'>
error in statements_to_df.
arguments("'NoneType' object is not iterable",)
WARNING:root:
<class 'AttributeError'>
error in state_to_mysql
arguments("'TypeError' object has no attribute 'to_sql'",)
WARNING:root:
error in get_fiscal_quarters. Symbol: AFSIN, dates:[]
WARNING:root:
<class 'TypeError'>
error in statements_to_df.
arguments("'NoneType' object is not iterable",)
WARNING:root:
<class 'AttributeError'>
error in state_to_mysql
arguments("'TypeError' object has no attribute 'to_sql'",)
WARNING:root:
<class 'sqlalchemy.exc.DataError'>
error in state_to_mysql
arguments("(mysql.connector.errors.DataError) 1264 (22003): Out of range value for column 'Yearly' at row 569",)
WARNING:root:
error in get_fiscal_quarters. Symbol: TCNWF, dates:[]
WARNING:root:
<class 'TypeError'>
error in statements_to_df.
arguments("'NoneType' object is not iterable",)
WARNING:root:
<class 'AttributeError'>
error in state_to_mysql
arguments("'TypeError' object has no attribute 'to_sql'",)
WARNING:root:
error in get_fiscal_quarters. Symbol: WPDPF, dates:[]
WARNING:root:
<class 'TypeError'>
error in statements_to_df.
arguments("'NoneType' object is not iterable",)
WARNING:root:
<class 'AttributeError'>
error in state_to_mysql
arguments("'TypeError' object has no attribute 'to_sql'",)
WARNING:root:
error in get_fiscal_quarters. Symbol: AVAN-WS, dates:[]
WARNING:root:
<class 'TypeError'>
error in statements_to_df.
arguments("'NoneType' object is not iterable",)
WARNING:root:
<class 'AttributeError'>
error in state_to_mysql
arguments("'TypeError' object has no attribute 'to_sql'",)
WARNING:root:
error in get_fiscal_quarters. Symbol: NRACU, dates:[]
WARNING:root:
<class 'sqlalchemy.exc.DataError'>
error in state_to_mysql
arguments("(mysql.connector.errors.DataError) 1264 (22003): Out of range value for column 'Yearly' at row 827",)
WARNING:root:
error in get_fiscal_quarters. Symbol: CHPMW, dates:[]
WARNING:root:
error in get_fiscal_quarters. Symbol: LFTR, dates:[]
WARNING:root:
<class 'TypeError'>
error in statements_to_df.
arguments("'NoneType' object is not iterable",)
WARNING:root:
<class 'TypeError'>
error in statements_to_df.
arguments("'NoneType' object is not iterable",)
WARNING:root:
<class 'AttributeError'>
error in state_to_mysql
arguments("'TypeError' object has no attribute 'to_sql'",)
WARNING:root:
<class 'TypeError'>
error in statements_to_df.
arguments("'NoneType' object is not iterable",)
WARNING:root:
<class 'AttributeError'>
error in state_to_mysql
arguments("'TypeError' object has no attribute 'to_sql'",)
WARNING:root:
<class 'AttributeError'>
error in state_to_mysql
arguments("'TypeError' object has no attribute 'to_sql'",)
WARNING:root:
error in get_fiscal_quarters. Symbol: ACII-WS, dates:[]
WARNING:root:
<class 'TypeError'>
error in statements_to_df.
arguments("'NoneType' object is not iterable",)
WARNING:root:
<class 'AttributeError'>
error in state_to_mysql
arguments("'TypeError' object has no attribute 'to_sql'",)
WARNING:root:
<class 'sqlalchemy.exc.DataError'>
error in state_to_mysql
arguments("(mysql.connector.errors.DataError) 1264 (22003): Out of range value for column 'Yearly' at row 491",)
WARNING:root:
error in get_fiscal_quarters. Symbol: GAHD, dates:[]
WARNING:root:
<class 'TypeError'>
error in statements_to_df.
arguments("'NoneType' object is not iterable",)
WARNING:root:
<class 'AttributeError'>
error in state_to_mysql
arguments("'TypeError' object has no attribute 'to_sql'",)
WARNING:root:
error in get_fiscal_quarters. Symbol: LIOPY, dates:[]
WARNING:root:
<class 'TypeError'>
error in statements_to_df.
arguments("'NoneType' object is not iterable",)
WARNING:root:
<class 'AttributeError'>
error in state_to_mysql
arguments("'TypeError' object has no attribute 'to_sql'",)
WARNING:root:
error in get_fiscal_quarters. Symbol: XFORW, dates:[]
WARNING:root:
error in get_fiscal_quarters. Symbol: NGCAU, dates:[]
WARNING:root:
<class 'TypeError'>
error in statements_to_df.
arguments("'NoneType' object is not iterable",)
WARNING:root:
<class 'AttributeError'>
error in state_to_mysql
arguments("'TypeError' object has no attribute 'to_sql'",)
WARNING:root:
<class 'TypeError'>
error in statements_to_df.
arguments("'NoneType' object is not iterable",)
WARNING:root:
<class 'AttributeError'>
error in state_to_mysql
arguments("'TypeError' object has no attribute 'to_sql'",)
WARNING:root:
error in get_fiscal_quarters. Symbol: FSBH, dates:[]
WARNING:root:
<class 'TypeError'>
error in statements_to_df.
arguments("'NoneType' object is not iterable",)
WARNING:root:
<class 'AttributeError'>
error in state_to_mysql
arguments("'TypeError' object has no attribute 'to_sql'",)
WARNING:root:
error in get_fiscal_quarters. Symbol: COVAW, dates:[]
WARNING:root:
<class 'TypeError'>
error in statements_to_df.
arguments("'NoneType' object is not iterable",)
WARNING:root:
<class 'AttributeError'>
error in state_to_mysql
arguments("'TypeError' object has no attribute 'to_sql'",)
WARNING:root:
error in get_fiscal_quarters. Symbol: ESTWF, dates:[]
WARNING:root:
<class 'TypeError'>
error in statements_to_df.
arguments("'NoneType' object is not iterable",)
WARNING:root:
error in get_fiscal_quarters. Symbol: ROT-U, dates:[]
WARNING:root:
<class 'AttributeError'>
error in state_to_mysql
arguments("'TypeError' object has no attribute 'to_sql'",)
WARNING:root:
<class 'TypeError'>
error in statements_to_df.
arguments("'NoneType' object is not iterable",)
WARNING:root:
<class 'AttributeError'>
error in state_to_mysql
arguments("'TypeError' object has no attribute 'to_sql'",)
WARNING:root:
error in get_fiscal_quarters. Symbol: HIRRF, dates:[]
WARNING:root:
<class 'TypeError'>
error in statements_to_df.
arguments("'NoneType' object is not iterable",)
WARNING:root:
<class 'AttributeError'>
error in state_to_mysql
arguments("'TypeError' object has no attribute 'to_sql'",)
WARNING:root:
<class 'TypeError'>
error in statements_to_df.
arguments('strptime() argument 1 must be str, not None',)
WARNING:root:
<class 'AttributeError'>
error in state_to_mysql
arguments("'TypeError' object has no attribute 'to_sql'",)
WARNING:root:
error in get_fiscal_quarters. Symbol: VINCU, dates:[]
WARNING:root:
<class 'TypeError'>
error in statements_to_df.
arguments("'NoneType' object is not iterable",)
WARNING:root:
<class 'AttributeError'>
error in state_to_mysql
arguments("'TypeError' object has no attribute 'to_sql'",)
WARNING:root:
error in get_fiscal_quarters. Symbol: WPCB-U, dates:[]
WARNING:root:
<class 'TypeError'>
error in statements_to_df.
arguments("'NoneType' object is not iterable",)
WARNING:root:
<class 'AttributeError'>
error in state_to_mysql
arguments("'TypeError' object has no attribute 'to_sql'",)
WARNING:root:
error in get_fiscal_quarters. Symbol: BSSC, dates:[]
WARNING:root:
<class 'TypeError'>
error in statements_to_df.
arguments("'NoneType' object is not iterable",)
WARNING:root:
<class 'AttributeError'>
error in state_to_mysql
arguments("'TypeError' object has no attribute 'to_sql'",)
WARNING:root:
error in get_fiscal_quarters. Symbol: DLCAU, dates:[]
WARNING:root:
<class 'TypeError'>
error in statements_to_df.
arguments("'NoneType' object is not iterable",)
WARNING:root:
<class 'AttributeError'>
error in state_to_mysql
arguments("'TypeError' object has no attribute 'to_sql'",)
WARNING:root:
<class 'TypeError'>
error in statements_to_df.
arguments('strptime() argument 1 must be str, not None',)
WARNING:root:
<class 'AttributeError'>
error in state_to_mysql
arguments("'TypeError' object has no attribute 'to_sql'",)
WARNING:root:
error in get_fiscal_quarters. Symbol: GUOSF, dates:[]
WARNING:root:
<class 'TypeError'>
error in statements_to_df.
arguments("'NoneType' object is not iterable",)
WARNING:root:
<class 'AttributeError'>
error in state_to_mysql
arguments("'TypeError' object has no attribute 'to_sql'",)
WARNING:root:
error in get_fiscal_quarters. Symbol: HTPA, dates:[]
WARNING:root:
error in get_fiscal_quarters. Symbol: LEHNQ, dates:[]
WARNING:root:
<class 'TypeError'>
error in statements_to_df.
arguments("'NoneType' object is not iterable",)
WARNING:root:
error in get_fiscal_quarters. Symbol: WECMF, dates:[]
WARNING:root:
<class 'TypeError'>
error in statements_to_df.
arguments("'NoneType' object is not iterable",)
WARNING:root:
<class 'AttributeError'>
error in state_to_mysql
arguments("'TypeError' object has no attribute 'to_sql'",)
WARNING:root:
<class 'TypeError'>
error in statements_to_df.
arguments("'NoneType' object is not iterable",)
WARNING:root:
<class 'AttributeError'>
error in state_to_mysql
arguments("'TypeError' object has no attribute 'to_sql'",)
WARNING:root:
<class 'AttributeError'>
error in state_to_mysql
arguments("'TypeError' object has no attribute 'to_sql'",)
WARNING:root:
error in get_fiscal_quarters. Symbol: CTNI, dates:[]
WARNING:root:
<class 'TypeError'>
error in statements_to_df.
arguments("'NoneType' object is not iterable",)
WARNING:root:
<class 'AttributeError'>
error in state_to_mysql
arguments("'TypeError' object has no attribute 'to_sql'",)
WARNING:root:
error in get_fiscal_quarters. Symbol: BMKAF, dates:[]
WARNING:root:
<class 'TypeError'>
error in statements_to_df.
arguments("'NoneType' object is not iterable",)
WARNING:root:
<class 'AttributeError'>
error in state_to_mysql
arguments("'TypeError' object has no attribute 'to_sql'",)
WARNING:root:
error in get_fiscal_quarters. Symbol: TRYPF, dates:[]
WARNING:root:
<class 'TypeError'>
error in statements_to_df.
arguments("'NoneType' object is not iterable",)
WARNING:root:
<class 'AttributeError'>
error in state_to_mysql
arguments("'TypeError' object has no attribute 'to_sql'",)
WARNING:root:
error in get_fiscal_quarters. Symbol: TOASO, dates:[]
WARNING:root:
<class 'TypeError'>
error in statements_to_df.
arguments("'NoneType' object is not iterable",)
WARNING:root:
<class 'AttributeError'>
error in state_to_mysql
arguments("'TypeError' object has no attribute 'to_sql'",)
WARNING:root:
error in get_fiscal_quarters. Symbol: IPOE, dates:[]
WARNING:root:
<class 'TypeError'>
error in statements_to_df.
arguments("'NoneType' object is not iterable",)
WARNING:root:
<class 'AttributeError'>
error in state_to_mysql
arguments("'TypeError' object has no attribute 'to_sql'",)
WARNING:root:
error in get_fiscal_quarters. Symbol: ALEQP, dates:[]
WARNING:root:
<class 'TypeError'>
error in statements_to_df.
arguments("'NoneType' object is not iterable",)
WARNING:root:
<class 'sqlalchemy.exc.DataError'>
error in state_to_mysql
arguments("(mysql.connector.errors.DataError) 1264 (22003): Out of range value for column 'Yearly' at row 112",)
WARNING:root:
<class 'AttributeError'>
error in state_to_mysql
arguments("'TypeError' object has no attribute 'to_sql'",)
WARNING:root:
error in get_fiscal_quarters. Symbol: KSMT, dates:[]
WARNING:root:
<class 'TypeError'>
error in statements_to_df.
arguments("'NoneType' object is not iterable",)
WARNING:root:
<class 'AttributeError'>
error in state_to_mysql
arguments("'TypeError' object has no attribute 'to_sql'",)
WARNING:root:
error in get_fiscal_quarters. Symbol: FLACU, dates:[]
WARNING:root:
<class 'TypeError'>
error in statements_to_df.
arguments("'NoneType' object is not iterable",)
WARNING:root:
<class 'AttributeError'>
error in state_to_mysql
arguments("'TypeError' object has no attribute 'to_sql'",)
WARNING:root:
error in get_fiscal_quarters. Symbol: COOLW, dates:[]
WARNING:root:
<class 'TypeError'>
error in statements_to_df.
arguments("'NoneType' object is not iterable",)
WARNING:root:
<class 'AttributeError'>
error in state_to_mysql
arguments("'TypeError' object has no attribute 'to_sql'",)
WARNING:root:
error in get_fiscal_quarters. Symbol: AFIPA, dates:[]
WARNING:root:
<class 'TypeError'>
error in statements_to_df.
arguments("'NoneType' object is not iterable",)
WARNING:root:
<class 'AttributeError'>
error in state_to_mysql
arguments("'TypeError' object has no attribute 'to_sql'",)
WARNING:root:
<class 'sqlalchemy.exc.DataError'>
error in state_to_mysql
arguments("(mysql.connector.errors.DataError) 1264 (22003): Out of range value for column 'Yearly' at row 169",)
WARNING:root:
error in get_fiscal_quarters. Symbol: NCPLL, dates:[]
WARNING:root:
<class 'TypeError'>
error in statements_to_df.
arguments("'NoneType' object is not iterable",)
WARNING:root:
<class 'AttributeError'>
error in state_to_mysql
arguments("'TypeError' object has no attribute 'to_sql'",)
WARNING:root:
error in get_fiscal_quarters. Symbol: FSGB, dates:[]
WARNING:root:
<class 'TypeError'>
error in statements_to_df.
arguments("'NoneType' object is not iterable",)
WARNING:root:
<class 'AttributeError'>
error in state_to_mysql
arguments("'TypeError' object has no attribute 'to_sql'",)
WARNING:root:
error in get_fiscal_quarters. Symbol: TIEKF, dates:[]
WARNING:root:
<class 'TypeError'>
error in statements_to_df.
arguments("'NoneType' object is not iterable",)
WARNING:root:
<class 'AttributeError'>
error in state_to_mysql
arguments("'TypeError' object has no attribute 'to_sql'",)
WARNING:root:
error in get_fiscal_quarters. Symbol: BENE, dates:[]
WARNING:root:
<class 'TypeError'>
error in statements_to_df.
arguments("'NoneType' object is not iterable",)
WARNING:root:
<class 'AttributeError'>
error in state_to_mysql
arguments("'TypeError' object has no attribute 'to_sql'",)
WARNING:root:
error in get_fiscal_quarters. Symbol: WINTW, dates:[]
WARNING:root:
<class 'TypeError'>
error in statements_to_df.
arguments("'NoneType' object is not iterable",)
WARNING:root:
<class 'AttributeError'>
error in state_to_mysql
arguments("'TypeError' object has no attribute 'to_sql'",)
WARNING:root:
error in get_fiscal_quarters. Symbol: LNBY, dates:[]
WARNING:root:
<class 'TypeError'>
error in statements_to_df.
arguments("'NoneType' object is not iterable",)
WARNING:root:
<class 'sqlalchemy.exc.DataError'>
error in state_to_mysql
arguments("(mysql.connector.errors.DataError) 1264 (22003): Out of range value for column 'Q1' at row 125",)
WARNING:root:
<class 'AttributeError'>
error in state_to_mysql
arguments("'TypeError' object has no attribute 'to_sql'",)
WARNING:root:
error in get_fiscal_quarters. Symbol: BACRP, dates:[]
WARNING:root:
<class 'TypeError'>
error in statements_to_df.
arguments("'NoneType' object is not iterable",)
WARNING:root:
<class 'AttributeError'>
error in state_to_mysql
arguments("'TypeError' object has no attribute 'to_sql'",)
WARNING:root:
error in get_fiscal_quarters. Symbol: LWCL, dates:[]
WARNING:root:
<class 'TypeError'>
error in statements_to_df.
arguments("'NoneType' object is not iterable",)
WARNING:root:
<class 'AttributeError'>
error in state_to_mysql
arguments("'TypeError' object has no attribute 'to_sql'",)
WARNING:root:
error in get_fiscal_quarters. Symbol: ADEX-WS, dates:[]
WARNING:root:
<class 'TypeError'>
error in statements_to_df.
arguments("'NoneType' object is not iterable",)
WARNING:root:
error in get_fiscal_quarters. Symbol: CAOX, dates:[]
WARNING:root:
<class 'AttributeError'>
error in state_to_mysql
arguments("'TypeError' object has no attribute 'to_sql'",)
WARNING:root:
<class 'TypeError'>
error in statements_to_df.
arguments("'NoneType' object is not iterable",)
WARNING:root:
<class 'AttributeError'>
error in state_to_mysql
arguments("'TypeError' object has no attribute 'to_sql'",)
WARNING:root:
error in get_fiscal_quarters. Symbol: MACUW, dates:[]
WARNING:root:
error in get_fiscal_quarters. Symbol: GMTX, dates:[]
WARNING:root:
<class 'TypeError'>
error in statements_to_df.
arguments("'NoneType' object is not iterable",)
WARNING:root:
<class 'AttributeError'>
error in state_to_mysql
arguments("'TypeError' object has no attribute 'to_sql'",)
WARNING:root:
<class 'TypeError'>
error in statements_to_df.
arguments("'NoneType' object is not iterable",)
WARNING:root:
error in get_fiscal_quarters. Symbol: WRB-PF, dates:[]
WARNING:root:
<class 'AttributeError'>
error in state_to_mysql
arguments("'TypeError' object has no attribute 'to_sql'",)
WARNING:root:
<class 'TypeError'>
error in statements_to_df.
arguments("'NoneType' object is not iterable",)
WARNING:root:
error in get_fiscal_quarters. Symbol: CWNOF, dates:[]
WARNING:root:
<class 'AttributeError'>
error in state_to_mysql
arguments("'TypeError' object has no attribute 'to_sql'",)
WARNING:root:
<class 'TypeError'>
error in statements_to_df.
arguments("'NoneType' object is not iterable",)
WARNING:root:
<class 'AttributeError'>
error in state_to_mysql
arguments("'TypeError' object has no attribute 'to_sql'",)
WARNING:root:
error in get_fiscal_quarters. Symbol: JFHHF, dates:[]
WARNING:root:
<class 'TypeError'>
error in statements_to_df.
arguments("'NoneType' object is not iterable",)
WARNING:root:
<class 'AttributeError'>
error in state_to_mysql
arguments("'TypeError' object has no attribute 'to_sql'",)
WARNING:root:
error in get_fiscal_quarters. Symbol: CNLFF, dates:[]
WARNING:root:
<class 'TypeError'>
error in statements_to_df.
arguments("'NoneType' object is not iterable",)
WARNING:root:
<class 'AttributeError'>
error in state_to_mysql
arguments("'TypeError' object has no attribute 'to_sql'",)
WARNING:root:
error in get_fiscal_quarters. Symbol: PRPC-WS, dates:[]
WARNING:root:
<class 'TypeError'>
error in statements_to_df.
arguments("'NoneType' object is not iterable",)
WARNING:root:
<class 'AttributeError'>
error in state_to_mysql
arguments("'TypeError' object has no attribute 'to_sql'",)
WARNING:root:
error in get_fiscal_quarters. Symbol: RKCLF, dates:[]
WARNING:root:
<class 'TypeError'>
error in statements_to_df.
arguments("'NoneType' object is not iterable",)
WARNING:root:
<class 'AttributeError'>
error in state_to_mysql
arguments("'TypeError' object has no attribute 'to_sql'",)
WARNING:root:
error in get_fiscal_quarters. Symbol: IKNA, dates:[]
WARNING:root:
<class 'TypeError'>
error in statements_to_df.
arguments("'NoneType' object is not iterable",)
WARNING:root:
<class 'AttributeError'>
error in state_to_mysql
arguments("'TypeError' object has no attribute 'to_sql'",)
WARNING:root:
<class 'sqlalchemy.exc.DataError'>
error in state_to_mysql
arguments("(mysql.connector.errors.DataError) 1264 (22003): Out of range value for column 'Q1' at row 287",)
WARNING:root:
error in get_fiscal_quarters. Symbol: GCGX, dates:[]
WARNING:root:
<class 'TypeError'>
error in statements_to_df.
arguments("'NoneType' object is not iterable",)
WARNING:root:
<class 'AttributeError'>
error in state_to_mysql
arguments("'TypeError' object has no attribute 'to_sql'",)
WARNING:root:
error in get_fiscal_quarters. Symbol: EWTX, dates:[]
WARNING:root:
<class 'TypeError'>
error in statements_to_df.
arguments("'NoneType' object is not iterable",)
WARNING:root:
<class 'AttributeError'>
error in state_to_mysql
arguments("'TypeError' object has no attribute 'to_sql'",)
WARNING:root:
error in get_fiscal_quarters. Symbol: GSDT, dates:[]
WARNING:root:
<class 'TypeError'>
error in statements_to_df.
arguments("'NoneType' object is not iterable",)
WARNING:root:
<class 'AttributeError'>
error in state_to_mysql
arguments("'TypeError' object has no attribute 'to_sql'",)
WARNING:root:
error in get_fiscal_quarters. Symbol: OMDD, dates:[]
WARNING:root:
<class 'TypeError'>
error in statements_to_df.
arguments("'NoneType' object is not iterable",)
WARNING:root:
<class 'AttributeError'>
error in state_to_mysql
arguments("'TypeError' object has no attribute 'to_sql'",)
WARNING:root:
error in get_fiscal_quarters. Symbol: ZULU, dates:[]
WARNING:root:
<class 'TypeError'>
error in statements_to_df.
arguments("'NoneType' object is not iterable",)
WARNING:root:
<class 'AttributeError'>
error in state_to_mysql
arguments("'TypeError' object has no attribute 'to_sql'",)
WARNING:root:
error in get_fiscal_quarters. Symbol: ADIWW, dates:[]
WARNING:root:
<class 'TypeError'>
error in statements_to_df.
arguments("'NoneType' object is not iterable",)
WARNING:root:
<class 'AttributeError'>
error in state_to_mysql
arguments("'TypeError' object has no attribute 'to_sql'",)
WARNING:root:
<class 'TypeError'>
error in statements_to_df.
arguments('strptime() argument 1 must be str, not None',)
WARNING:root:
<class 'AttributeError'>
error in state_to_mysql
arguments("'TypeError' object has no attribute 'to_sql'",)
WARNING:root:
error in get_fiscal_quarters. Symbol: SCLEU, dates:[]
WARNING:root:
<class 'TypeError'>
error in statements_to_df.
arguments("'NoneType' object is not iterable",)
WARNING:root:
<class 'AttributeError'>
error in state_to_mysql
arguments("'TypeError' object has no attribute 'to_sql'",)
WARNING:root:
error in get_fiscal_quarters. Symbol: HMCOU, dates:[]
WARNING:root:
<class 'TypeError'>
error in statements_to_df.
arguments("'NoneType' object is not iterable",)
WARNING:root:
<class 'AttributeError'>
error in state_to_mysql
arguments("'TypeError' object has no attribute 'to_sql'",)
WARNING:root:
error in get_fiscal_quarters. Symbol: PHRRF, dates:[]
WARNING:root:
<class 'TypeError'>
error in statements_to_df.
arguments("'NoneType' object is not iterable",)
WARNING:root:
<class 'AttributeError'>
error in state_to_mysql
arguments("'TypeError' object has no attribute 'to_sql'",)
WARNING:root:
error in get_fiscal_quarters. Symbol: EMPW-U, dates:[]
WARNING:root:
<class 'TypeError'>
error in statements_to_df.
arguments("'NoneType' object is not iterable",)
WARNING:root:
<class 'AttributeError'>
error in state_to_mysql
arguments("'TypeError' object has no attribute 'to_sql'",)
WARNING:root:
error in get_fiscal_quarters. Symbol: AAC-WS, dates:[]
WARNING:root:
<class 'TypeError'>
error in statements_to_df.
arguments("'NoneType' object is not iterable",)
WARNING:root:
<class 'AttributeError'>
error in state_to_mysql
arguments("'TypeError' object has no attribute 'to_sql'",)
WARNING:root:
error in get_fiscal_quarters. Symbol: KRW, dates:[]
WARNING:root:
<class 'TypeError'>
error in statements_to_df.
arguments("'NoneType' object is not iterable",)
WARNING:root:
<class 'AttributeError'>
error in state_to_mysql
arguments("'TypeError' object has no attribute 'to_sql'",)
WARNING:root:
error in get_fiscal_quarters. Symbol: LNFA-U, dates:[]
WARNING:root:
<class 'TypeError'>
error in statements_to_df.
arguments("'NoneType' object is not iterable",)
WARNING:root:
<class 'AttributeError'>
error in state_to_mysql
arguments("'TypeError' object has no attribute 'to_sql'",)
WARNING:root:
error in get_fiscal_quarters. Symbol: BSRUF, dates:[]
WARNING:root:
<class 'TypeError'>
error in statements_to_df.
arguments("'NoneType' object is not iterable",)
WARNING:root:
<class 'AttributeError'>
error in state_to_mysql
arguments("'TypeError' object has no attribute 'to_sql'",)
WARNING:root:
error in get_fiscal_quarters. Symbol: AMAOU, dates:[]
WARNING:root:
<class 'TypeError'>
error in statements_to_df.
arguments("'NoneType' object is not iterable",)
WARNING:root:
<class 'AttributeError'>
error in state_to_mysql
arguments("'TypeError' object has no attribute 'to_sql'",)
WARNING:root:
error in get_fiscal_quarters. Symbol: FINMW, dates:[]
WARNING:root:
<class 'TypeError'>
error in statements_to_df.
arguments("'NoneType' object is not iterable",)
WARNING:root:
<class 'AttributeError'>
error in state_to_mysql
arguments("'TypeError' object has no attribute 'to_sql'",)
WARNING:root:
error in get_fiscal_quarters. Symbol: FLEW, dates:[]
WARNING:root:
error in get_fiscal_quarters. Symbol: MACC-U, dates:[]
WARNING:root:
<class 'TypeError'>
error in statements_to_df.
arguments("'NoneType' object is not iterable",)
WARNING:root:
<class 'TypeError'>
error in statements_to_df.
arguments("'NoneType' object is not iterable",)
WARNING:root:
<class 'AttributeError'>
error in state_to_mysql
arguments("'TypeError' object has no attribute 'to_sql'",)
WARNING:root:
<class 'AttributeError'>
error in state_to_mysql
arguments("'TypeError' object has no attribute 'to_sql'",)
WARNING:root:
error in get_fiscal_quarters. Symbol: MMTRS, dates:[]
WARNING:root:
<class 'TypeError'>
error in statements_to_df.
arguments("'NoneType' object is not iterable",)
WARNING:root:
<class 'AttributeError'>
error in state_to_mysql
arguments("'TypeError' object has no attribute 'to_sql'",)
WARNING:root:
error in get_fiscal_quarters. Symbol: REVHU, dates:[]
WARNING:root:
<class 'TypeError'>
error in statements_to_df.
arguments("'NoneType' object is not iterable",)
WARNING:root:
<class 'AttributeError'>
error in state_to_mysql
arguments("'TypeError' object has no attribute 'to_sql'",)
WARNING:root:
error in get_fiscal_quarters. Symbol: NEBCW, dates:[]
WARNING:root:
<class 'TypeError'>
error in statements_to_df.
arguments("'NoneType' object is not iterable",)
WARNING:root:
<class 'AttributeError'>
error in state_to_mysql
arguments("'TypeError' object has no attribute 'to_sql'",)
WARNING:root:
error in get_fiscal_quarters. Symbol: JMPNL, dates:[]
WARNING:root:
<class 'TypeError'>
error in statements_to_df.
arguments("'NoneType' object is not iterable",)
WARNING:root:
<class 'AttributeError'>
error in state_to_mysql
arguments("'TypeError' object has no attribute 'to_sql'",)
WARNING:root:
<class 'TypeError'>
error in statements_to_df.
arguments('strptime() argument 1 must be str, not None',)
WARNING:root:
<class 'AttributeError'>
error in state_to_mysql
arguments("'TypeError' object has no attribute 'to_sql'",)
WARNING:root:
error in get_fiscal_quarters. Symbol: TNTC, dates:[]
WARNING:root:
<class 'TypeError'>
error in statements_to_df.
arguments("'NoneType' object is not iterable",)
WARNING:root:
<class 'AttributeError'>
error in state_to_mysql
arguments("'TypeError' object has no attribute 'to_sql'",)
WARNING:root:
error in get_fiscal_quarters. Symbol: BEHL, dates:[]
WARNING:root:
<class 'TypeError'>
error in statements_to_df.
arguments("'NoneType' object is not iterable",)
WARNING:root:
<class 'AttributeError'>
error in state_to_mysql
arguments("'TypeError' object has no attribute 'to_sql'",)
WARNING:root:
error in get_fiscal_quarters. Symbol: CAHCW, dates:[]
WARNING:root:
<class 'TypeError'>
error in statements_to_df.
arguments("'NoneType' object is not iterable",)
WARNING:root:
<class 'AttributeError'>
error in state_to_mysql
arguments("'TypeError' object has no attribute 'to_sql'",)
WARNING:root:
error in get_fiscal_quarters. Symbol: HTPA-U, dates:[]
WARNING:root:
<class 'TypeError'>
error in statements_to_df.
arguments("'NoneType' object is not iterable",)
WARNING:root:
<class 'AttributeError'>
error in state_to_mysql
arguments("'TypeError' object has no attribute 'to_sql'",)
WARNING:root:
error in get_fiscal_quarters. Symbol: TSIA, dates:[]
WARNING:root:
<class 'TypeError'>
error in statements_to_df.
arguments("'NoneType' object is not iterable",)
WARNING:root:
<class 'AttributeError'>
error in state_to_mysql
arguments("'TypeError' object has no attribute 'to_sql'",)
WARNING:root:
error in get_fiscal_quarters. Symbol: ACIC, dates:[]
WARNING:root:
<class 'TypeError'>
error in statements_to_df.
arguments("'NoneType' object is not iterable",)
WARNING:root:
error in get_fiscal_quarters. Symbol: SOAC-U, dates:[]
WARNING:root:
<class 'AttributeError'>
error in state_to_mysql
arguments("'TypeError' object has no attribute 'to_sql'",)
WARNING:root:
<class 'TypeError'>
error in statements_to_df.
arguments("'NoneType' object is not iterable",)
WARNING:root:
<class 'AttributeError'>
error in state_to_mysql
arguments("'TypeError' object has no attribute 'to_sql'",)
WARNING:root:
error in get_fiscal_quarters. Symbol: OJOC, dates:[]
WARNING:root:
<class 'TypeError'>
error in statements_to_df.
arguments("'NoneType' object is not iterable",)
WARNING:root:
<class 'AttributeError'>
error in state_to_mysql
arguments("'TypeError' object has no attribute 'to_sql'",)
WARNING:root:
error in get_fiscal_quarters. Symbol: IPVIU, dates:[]
WARNING:root:
<class 'TypeError'>
error in statements_to_df.
arguments("'NoneType' object is not iterable",)
WARNING:root:
<class 'AttributeError'>
error in state_to_mysql
arguments("'TypeError' object has no attribute 'to_sql'",)
WARNING:root:
error in get_fiscal_quarters. Symbol: PGRW, dates:[]
WARNING:root:
<class 'TypeError'>
error in statements_to_df.
arguments("'NoneType' object is not iterable",)
WARNING:root:
<class 'AttributeError'>
error in state_to_mysql
arguments("'TypeError' object has no attribute 'to_sql'",)
WARNING:root:
error in get_fiscal_quarters. Symbol: MTFC, dates:[]
WARNING:root:
error in get_fiscal_quarters. Symbol: NRACW, dates:[]
WARNING:root:
<class 'TypeError'>
error in statements_to_df.
arguments("'NoneType' object is not iterable",)
WARNING:root:
<class 'TypeError'>
error in statements_to_df.
arguments("'NoneType' object is not iterable",)
WARNING:root:
error in get_fiscal_quarters. Symbol: OTRA, dates:[]
WARNING:root:
error in get_fiscal_quarters. Symbol: ARKIU, dates:[]
WARNING:root:
<class 'AttributeError'>
error in state_to_mysql
arguments("'TypeError' object has no attribute 'to_sql'",)
WARNING:root:
<class 'AttributeError'>
error in state_to_mysql
arguments("'TypeError' object has no attribute 'to_sql'",)
WARNING:root:
<class 'TypeError'>
error in statements_to_df.
arguments("'NoneType' object is not iterable",)
WARNING:root:
<class 'TypeError'>
error in statements_to_df.
arguments("'NoneType' object is not iterable",)
WARNING:root:
<class 'AttributeError'>
error in state_to_mysql
arguments("'TypeError' object has no attribute 'to_sql'",)
WARNING:root:
<class 'AttributeError'>
error in state_to_mysql
arguments("'TypeError' object has no attribute 'to_sql'",)
WARNING:root:
<class 'sqlalchemy.exc.DataError'>
error in state_to_mysql
arguments("(mysql.connector.errors.DataError) 1264 (22003): Out of range value for column 'Yearly' at row 169",)
WARNING:root:
<class 'sqlalchemy.exc.DataError'>
error in state_to_mysql
arguments("(mysql.connector.errors.DataError) 1264 (22003): Out of range value for column 'Q3' at row 109",)
WARNING:root:
<class 'sqlalchemy.exc.DataError'>
error in state_to_mysql
arguments("(mysql.connector.errors.DataError) 1264 (22003): Out of range value for column 'Yearly' at row 1169",)
